

Microchip MPLAB XC8 Assembler V3.10 build 20250813170317 
                                                                                               Mon Jun 29 05:04:44 2026

Microchip MPLAB XC8 C Compiler v3.10 (Free license) build 20250813170317 Og1 
     1                           	processor	18F4620
     2                           	fnconf	rparam,??,?,0
     3                           	pagewidth 120
     4                           	opt	flic
     5                           	psect	cinit,global,reloc=2,class=CODE,space=0,delta=1
     6                           	psect	cstackCOMRAM,global,class=COMRAM,space=1,delta=1,lowdata,noexec
     7                           	psect	text0,global,reloc=2,class=CODE,space=0,delta=1
     8                           	psect	smallconst,global,reloc=2,class=SMALLCONST,space=0,delta=1,noexec
     9                           	psect	intsave_regs,global,class=BIGRAM,space=1,delta=1,noexec
    10                           	psect	rparam,global,class=COMRAM,space=1,delta=1,noexec
    11                           	psect	config,global,abs,ovrld,class=CONFIG,space=4,delta=1,noexec
    12   000000                     
    13                           ; Generated 17/01/2025 GMT
    14                           ; 
    15                           ; Copyright © 2025, Microchip Technology Inc. and its subsidiaries ("Microchip")
    16                           ; All rights reserved.
    17                           ; 
    18                           ; This software is developed by Microchip Technology Inc. and its subsidiaries ("Microch
      +                          ip").
    19                           ; 
    20                           ; Redistribution and use in source and binary forms, with or without modification, are
    21                           ; permitted provided that the following conditions are met:
    22                           ; 
    23                           ;     1. Redistributions of source code must retain the above copyright notice, this lis
      +                          t of
    24                           ;        conditions and the following disclaimer.
    25                           ; 
    26                           ;     2. Redistributions in binary form must reproduce the above copyright notice, this 
      +                          list
    27                           ;        of conditions and the following disclaimer in the documentation and/or other
    28                           ;        materials provided with the distribution. Publication is not required when
    29                           ;        this file is used in an embedded application.
    30                           ; 
    31                           ;     3. Microchip's name may not be used to endorse or promote products derived from th
      +                          is
    32                           ;        software without specific prior written permission.
    33                           ; 
    34                           ; THIS SOFTWARE IS PROVIDED BY MICROCHIP "AS IS" AND ANY EXPRESS OR IMPLIED WARRANTIES,
    35                           ; INCLUDING, BUT NOT LIMITED TO, THE IMPLIED WARRANTIES OF MERCHANTABILITY AND FITNESS F
      +                          OR
    36                           ; PURPOSE ARE DISCLAIMED.  IN NO EVENT SHALL MICROCHIP BE LIABLE FOR ANY DIRECT, INDIREC
      +                          T,
    37                           ; INCIDENTAL, SPECIAL, EXEMPLARY, OR CONSEQUENTIAL DAMAGES (INCLUDING BUT NOT LIMITED TO
    38                           ; PROCUREMENT OF SUBSTITUTE GOODS OR SERVICES; LOSS OF USE, DATA OR PROFITS; OR BUSINESS
    39                           ; INTERRUPTION) HOWSOEVER CAUSED AND ON ANY THEORY OF LIABILITY, WHETHER IN CONTRACT, ST
      +                          RICT
    40                           ; LIABILITY, OR TORT (INCLUDING NEGLIGENCE OR OTHERWISE) ARISING IN ANY WAY OUT OF THE U
      +                          SE OF
    41                           ; THIS SOFTWARE, EVEN IF ADVISED OF THE POSSIBILITY OF SUCH DAMAGE.
    42                           ; 
    43                           ; 
    44                           ; Code-generator required, PIC18F4620 Definitions
    45                           ; 
    46                           ; SFR Addresses
    47   000FE0                     bsr             equ	4064
    48   000FE9                     fsr0            equ	4073
    49   000FEA                     fsr0h           equ	4074
    50   000FE9                     fsr0l           equ	4073
    51   000FE1                     fsr1            equ	4065
    52   000FE2                     fsr1h           equ	4066
    53   000FE1                     fsr1l           equ	4065
    54   000FD9                     fsr2            equ	4057
    55   000FDA                     fsr2h           equ	4058
    56   000FD9                     fsr2l           equ	4057
    57   000FEF                     indf0           equ	4079
    58   000FE7                     indf1           equ	4071
    59   000FDF                     indf2           equ	4063
    60   000FF2                     intcon          equ	4082
    61   000000                     nvmcon          equ	0
    62   000FF9                     pcl             equ	4089
    63   000FFA                     pclath          equ	4090
    64   000FFB                     pclatu          equ	4091
    65   000FEB                     plusw0          equ	4075
    66   000FE3                     plusw1          equ	4067
    67   000FDB                     plusw2          equ	4059
    68   000FED                     postdec0        equ	4077
    69   000FE5                     postdec1        equ	4069
    70   000FDD                     postdec2        equ	4061
    71   000FEE                     postinc0        equ	4078
    72   000FE6                     postinc1        equ	4070
    73   000FDE                     postinc2        equ	4062
    74   000FEC                     preinc0         equ	4076
    75   000FE4                     preinc1         equ	4068
    76   000FDC                     preinc2         equ	4060
    77   000FF3                     prod            equ	4083
    78   000FF4                     prodh           equ	4084
    79   000FF3                     prodl           equ	4083
    80   000FD8                     status          equ	4056
    81   000FF5                     tablat          equ	4085
    82   000FF6                     tblptr          equ	4086
    83   000FF7                     tblptrh         equ	4087
    84   000FF6                     tblptrl         equ	4086
    85   000FF8                     tblptru         equ	4088
    86   000FFD                     tosl            equ	4093
    87   000FE8                     wreg            equ	4072
    88   000F80                     PORTA           equ	3968	;# 
    89   000F81                     PORTB           equ	3969	;# 
    90   000F82                     PORTC           equ	3970	;# 
    91   000F83                     PORTD           equ	3971	;# 
    92   000F84                     PORTE           equ	3972	;# 
    93   000F89                     LATA            equ	3977	;# 
    94   000F8A                     LATB            equ	3978	;# 
    95   000F8B                     LATC            equ	3979	;# 
    96   000F8C                     LATD            equ	3980	;# 
    97   000F8D                     LATE            equ	3981	;# 
    98   000F92                     TRISA           equ	3986	;# 
    99   000F92                     DDRA            equ	3986	;# 
   100   000F93                     TRISB           equ	3987	;# 
   101   000F93                     DDRB            equ	3987	;# 
   102   000F94                     TRISC           equ	3988	;# 
   103   000F94                     DDRC            equ	3988	;# 
   104   000F95                     TRISD           equ	3989	;# 
   105   000F95                     DDRD            equ	3989	;# 
   106   000F96                     TRISE           equ	3990	;# 
   107   000F96                     DDRE            equ	3990	;# 
   108   000F9B                     OSCTUNE         equ	3995	;# 
   109   000F9D                     PIE1            equ	3997	;# 
   110   000F9E                     PIR1            equ	3998	;# 
   111   000F9F                     IPR1            equ	3999	;# 
   112   000FA0                     PIE2            equ	4000	;# 
   113   000FA1                     PIR2            equ	4001	;# 
   114   000FA2                     IPR2            equ	4002	;# 
   115   000FA6                     EECON1          equ	4006	;# 
   116   000FA7                     EECON2          equ	4007	;# 
   117   000FA8                     EEDATA          equ	4008	;# 
   118   000FA9                     EEADR           equ	4009	;# 
   119   000FAA                     EEADRH          equ	4010	;# 
   120   000FAB                     RCSTA           equ	4011	;# 
   121   000FAB                     RCSTA1          equ	4011	;# 
   122   000FAC                     TXSTA           equ	4012	;# 
   123   000FAC                     TXSTA1          equ	4012	;# 
   124   000FAD                     TXREG           equ	4013	;# 
   125   000FAD                     TXREG1          equ	4013	;# 
   126   000FAE                     RCREG           equ	4014	;# 
   127   000FAE                     RCREG1          equ	4014	;# 
   128   000FAF                     SPBRG           equ	4015	;# 
   129   000FAF                     SPBRG1          equ	4015	;# 
   130   000FB0                     SPBRGH          equ	4016	;# 
   131   000FB1                     T3CON           equ	4017	;# 
   132   000FB2                     TMR3            equ	4018	;# 
   133   000FB2                     TMR3L           equ	4018	;# 
   134   000FB3                     TMR3H           equ	4019	;# 
   135   000FB4                     CMCON           equ	4020	;# 
   136   000FB5                     CVRCON          equ	4021	;# 
   137   000FB6                     ECCP1AS         equ	4022	;# 
   138   000FB7                     PWM1CON         equ	4023	;# 
   139   000FB8                     BAUDCON         equ	4024	;# 
   140   000FB8                     BAUDCTL         equ	4024	;# 
   141   000FBA                     CCP2CON         equ	4026	;# 
   142   000FBB                     CCPR2           equ	4027	;# 
   143   000FBB                     CCPR2L          equ	4027	;# 
   144   000FBC                     CCPR2H          equ	4028	;# 
   145   000FBD                     CCP1CON         equ	4029	;# 
   146   000FBE                     CCPR1           equ	4030	;# 
   147   000FBE                     CCPR1L          equ	4030	;# 
   148   000FBF                     CCPR1H          equ	4031	;# 
   149   000FC0                     ADCON2          equ	4032	;# 
   150   000FC1                     ADCON1          equ	4033	;# 
   151   000FC2                     ADCON0          equ	4034	;# 
   152   000FC3                     ADRES           equ	4035	;# 
   153   000FC3                     ADRESL          equ	4035	;# 
   154   000FC4                     ADRESH          equ	4036	;# 
   155   000FC5                     SSPCON2         equ	4037	;# 
   156   000FC6                     SSPCON1         equ	4038	;# 
   157   000FC7                     SSPSTAT         equ	4039	;# 
   158   000FC8                     SSPADD          equ	4040	;# 
   159   000FC9                     SSPBUF          equ	4041	;# 
   160   000FCA                     T2CON           equ	4042	;# 
   161   000FCB                     PR2             equ	4043	;# 
   162   000FCB                     MEMCON          equ	4043	;# 
   163   000FCC                     TMR2            equ	4044	;# 
   164   000FCD                     T1CON           equ	4045	;# 
   165   000FCE                     TMR1            equ	4046	;# 
   166   000FCE                     TMR1L           equ	4046	;# 
   167   000FCF                     TMR1H           equ	4047	;# 
   168   000FD0                     RCON            equ	4048	;# 
   169   000FD1                     WDTCON          equ	4049	;# 
   170   000FD2                     HLVDCON         equ	4050	;# 
   171   000FD2                     LVDCON          equ	4050	;# 
   172   000FD3                     OSCCON          equ	4051	;# 
   173   000FD5                     T0CON           equ	4053	;# 
   174   000FD6                     TMR0            equ	4054	;# 
   175   000FD6                     TMR0L           equ	4054	;# 
   176   000FD7                     TMR0H           equ	4055	;# 
   177   000FD8                     STATUS          equ	4056	;# 
   178   000FD9                     FSR2            equ	4057	;# 
   179   000FD9                     FSR2L           equ	4057	;# 
   180   000FDA                     FSR2H           equ	4058	;# 
   181   000FDB                     PLUSW2          equ	4059	;# 
   182   000FDC                     PREINC2         equ	4060	;# 
   183   000FDD                     POSTDEC2        equ	4061	;# 
   184   000FDE                     POSTINC2        equ	4062	;# 
   185   000FDF                     INDF2           equ	4063	;# 
   186   000FE0                     BSR             equ	4064	;# 
   187   000FE1                     FSR1            equ	4065	;# 
   188   000FE1                     FSR1L           equ	4065	;# 
   189   000FE2                     FSR1H           equ	4066	;# 
   190   000FE3                     PLUSW1          equ	4067	;# 
   191   000FE4                     PREINC1         equ	4068	;# 
   192   000FE5                     POSTDEC1        equ	4069	;# 
   193   000FE6                     POSTINC1        equ	4070	;# 
   194   000FE7                     INDF1           equ	4071	;# 
   195   000FE8                     WREG            equ	4072	;# 
   196   000FE9                     FSR0            equ	4073	;# 
   197   000FE9                     FSR0L           equ	4073	;# 
   198   000FEA                     FSR0H           equ	4074	;# 
   199   000FEB                     PLUSW0          equ	4075	;# 
   200   000FEC                     PREINC0         equ	4076	;# 
   201   000FED                     POSTDEC0        equ	4077	;# 
   202   000FEE                     POSTINC0        equ	4078	;# 
   203   000FEF                     INDF0           equ	4079	;# 
   204   000FF0                     INTCON3         equ	4080	;# 
   205   000FF1                     INTCON2         equ	4081	;# 
   206   000FF2                     INTCON          equ	4082	;# 
   207   000FF3                     PROD            equ	4083	;# 
   208   000FF3                     PRODL           equ	4083	;# 
   209   000FF4                     PRODH           equ	4084	;# 
   210   000FF5                     TABLAT          equ	4085	;# 
   211   000FF6                     TBLPTR          equ	4086	;# 
   212   000FF6                     TBLPTRL         equ	4086	;# 
   213   000FF7                     TBLPTRH         equ	4087	;# 
   214   000FF8                     TBLPTRU         equ	4088	;# 
   215   000FF9                     PCLAT           equ	4089	;# 
   216   000FF9                     PC              equ	4089	;# 
   217   000FF9                     PCL             equ	4089	;# 
   218   000FFA                     PCLATH          equ	4090	;# 
   219   000FFB                     PCLATU          equ	4091	;# 
   220   000FFC                     STKPTR          equ	4092	;# 
   221   000FFD                     TOS             equ	4093	;# 
   222   000FFD                     TOSL            equ	4093	;# 
   223   000FFE                     TOSH            equ	4094	;# 
   224   000FFF                     TOSU            equ	4095	;# 
   225   000F80                     PORTA           equ	3968	;# 
   226   000F81                     PORTB           equ	3969	;# 
   227   000F82                     PORTC           equ	3970	;# 
   228   000F83                     PORTD           equ	3971	;# 
   229   000F84                     PORTE           equ	3972	;# 
   230   000F89                     LATA            equ	3977	;# 
   231   000F8A                     LATB            equ	3978	;# 
   232   000F8B                     LATC            equ	3979	;# 
   233   000F8C                     LATD            equ	3980	;# 
   234   000F8D                     LATE            equ	3981	;# 
   235   000F92                     TRISA           equ	3986	;# 
   236   000F92                     DDRA            equ	3986	;# 
   237   000F93                     TRISB           equ	3987	;# 
   238   000F93                     DDRB            equ	3987	;# 
   239   000F94                     TRISC           equ	3988	;# 
   240   000F94                     DDRC            equ	3988	;# 
   241   000F95                     TRISD           equ	3989	;# 
   242   000F95                     DDRD            equ	3989	;# 
   243   000F96                     TRISE           equ	3990	;# 
   244   000F96                     DDRE            equ	3990	;# 
   245   000F9B                     OSCTUNE         equ	3995	;# 
   246   000F9D                     PIE1            equ	3997	;# 
   247   000F9E                     PIR1            equ	3998	;# 
   248   000F9F                     IPR1            equ	3999	;# 
   249   000FA0                     PIE2            equ	4000	;# 
   250   000FA1                     PIR2            equ	4001	;# 
   251   000FA2                     IPR2            equ	4002	;# 
   252   000FA6                     EECON1          equ	4006	;# 
   253   000FA7                     EECON2          equ	4007	;# 
   254   000FA8                     EEDATA          equ	4008	;# 
   255   000FA9                     EEADR           equ	4009	;# 
   256   000FAA                     EEADRH          equ	4010	;# 
   257   000FAB                     RCSTA           equ	4011	;# 
   258   000FAB                     RCSTA1          equ	4011	;# 
   259   000FAC                     TXSTA           equ	4012	;# 
   260   000FAC                     TXSTA1          equ	4012	;# 
   261   000FAD                     TXREG           equ	4013	;# 
   262   000FAD                     TXREG1          equ	4013	;# 
   263   000FAE                     RCREG           equ	4014	;# 
   264   000FAE                     RCREG1          equ	4014	;# 
   265   000FAF                     SPBRG           equ	4015	;# 
   266   000FAF                     SPBRG1          equ	4015	;# 
   267   000FB0                     SPBRGH          equ	4016	;# 
   268   000FB1                     T3CON           equ	4017	;# 
   269   000FB2                     TMR3            equ	4018	;# 
   270   000FB2                     TMR3L           equ	4018	;# 
   271   000FB3                     TMR3H           equ	4019	;# 
   272   000FB4                     CMCON           equ	4020	;# 
   273   000FB5                     CVRCON          equ	4021	;# 
   274   000FB6                     ECCP1AS         equ	4022	;# 
   275   000FB7                     PWM1CON         equ	4023	;# 
   276   000FB8                     BAUDCON         equ	4024	;# 
   277   000FB8                     BAUDCTL         equ	4024	;# 
   278   000FBA                     CCP2CON         equ	4026	;# 
   279   000FBB                     CCPR2           equ	4027	;# 
   280   000FBB                     CCPR2L          equ	4027	;# 
   281   000FBC                     CCPR2H          equ	4028	;# 
   282   000FBD                     CCP1CON         equ	4029	;# 
   283   000FBE                     CCPR1           equ	4030	;# 
   284   000FBE                     CCPR1L          equ	4030	;# 
   285   000FBF                     CCPR1H          equ	4031	;# 
   286   000FC0                     ADCON2          equ	4032	;# 
   287   000FC1                     ADCON1          equ	4033	;# 
   288   000FC2                     ADCON0          equ	4034	;# 
   289   000FC3                     ADRES           equ	4035	;# 
   290   000FC3                     ADRESL          equ	4035	;# 
   291   000FC4                     ADRESH          equ	4036	;# 
   292   000FC5                     SSPCON2         equ	4037	;# 
   293   000FC6                     SSPCON1         equ	4038	;# 
   294   000FC7                     SSPSTAT         equ	4039	;# 
   295   000FC8                     SSPADD          equ	4040	;# 
   296   000FC9                     SSPBUF          equ	4041	;# 
   297   000FCA                     T2CON           equ	4042	;# 
   298   000FCB                     PR2             equ	4043	;# 
   299   000FCB                     MEMCON          equ	4043	;# 
   300   000FCC                     TMR2            equ	4044	;# 
   301   000FCD                     T1CON           equ	4045	;# 
   302   000FCE                     TMR1            equ	4046	;# 
   303   000FCE                     TMR1L           equ	4046	;# 
   304   000FCF                     TMR1H           equ	4047	;# 
   305   000FD0                     RCON            equ	4048	;# 
   306   000FD1                     WDTCON          equ	4049	;# 
   307   000FD2                     HLVDCON         equ	4050	;# 
   308   000FD2                     LVDCON          equ	4050	;# 
   309   000FD3                     OSCCON          equ	4051	;# 
   310   000FD5                     T0CON           equ	4053	;# 
   311   000FD6                     TMR0            equ	4054	;# 
   312   000FD6                     TMR0L           equ	4054	;# 
   313   000FD7                     TMR0H           equ	4055	;# 
   314   000FD8                     STATUS          equ	4056	;# 
   315   000FD9                     FSR2            equ	4057	;# 
   316   000FD9                     FSR2L           equ	4057	;# 
   317   000FDA                     FSR2H           equ	4058	;# 
   318   000FDB                     PLUSW2          equ	4059	;# 
   319   000FDC                     PREINC2         equ	4060	;# 
   320   000FDD                     POSTDEC2        equ	4061	;# 
   321   000FDE                     POSTINC2        equ	4062	;# 
   322   000FDF                     INDF2           equ	4063	;# 
   323   000FE0                     BSR             equ	4064	;# 
   324   000FE1                     FSR1            equ	4065	;# 
   325   000FE1                     FSR1L           equ	4065	;# 
   326   000FE2                     FSR1H           equ	4066	;# 
   327   000FE3                     PLUSW1          equ	4067	;# 
   328   000FE4                     PREINC1         equ	4068	;# 
   329   000FE5                     POSTDEC1        equ	4069	;# 
   330   000FE6                     POSTINC1        equ	4070	;# 
   331   000FE7                     INDF1           equ	4071	;# 
   332   000FE8                     WREG            equ	4072	;# 
   333   000FE9                     FSR0            equ	4073	;# 
   334   000FE9                     FSR0L           equ	4073	;# 
   335   000FEA                     FSR0H           equ	4074	;# 
   336   000FEB                     PLUSW0          equ	4075	;# 
   337   000FEC                     PREINC0         equ	4076	;# 
   338   000FED                     POSTDEC0        equ	4077	;# 
   339   000FEE                     POSTINC0        equ	4078	;# 
   340   000FEF                     INDF0           equ	4079	;# 
   341   000FF0                     INTCON3         equ	4080	;# 
   342   000FF1                     INTCON2         equ	4081	;# 
   343   000FF2                     INTCON          equ	4082	;# 
   344   000FF3                     PROD            equ	4083	;# 
   345   000FF3                     PRODL           equ	4083	;# 
   346   000FF4                     PRODH           equ	4084	;# 
   347   000FF5                     TABLAT          equ	4085	;# 
   348   000FF6                     TBLPTR          equ	4086	;# 
   349   000FF6                     TBLPTRL         equ	4086	;# 
   350   000FF7                     TBLPTRH         equ	4087	;# 
   351   000FF8                     TBLPTRU         equ	4088	;# 
   352   000FF9                     PCLAT           equ	4089	;# 
   353   000FF9                     PC              equ	4089	;# 
   354   000FF9                     PCL             equ	4089	;# 
   355   000FFA                     PCLATH          equ	4090	;# 
   356   000FFB                     PCLATU          equ	4091	;# 
   357   000FFC                     STKPTR          equ	4092	;# 
   358   000FFD                     TOS             equ	4093	;# 
   359   000FFD                     TOSL            equ	4093	;# 
   360   000FFE                     TOSH            equ	4094	;# 
   361   000FFF                     TOSU            equ	4095	;# 
   362   000F80                     PORTA           equ	3968	;# 
   363   000F81                     PORTB           equ	3969	;# 
   364   000F82                     PORTC           equ	3970	;# 
   365   000F83                     PORTD           equ	3971	;# 
   366   000F84                     PORTE           equ	3972	;# 
   367   000F89                     LATA            equ	3977	;# 
   368   000F8A                     LATB            equ	3978	;# 
   369   000F8B                     LATC            equ	3979	;# 
   370   000F8C                     LATD            equ	3980	;# 
   371   000F8D                     LATE            equ	3981	;# 
   372   000F92                     TRISA           equ	3986	;# 
   373   000F92                     DDRA            equ	3986	;# 
   374   000F93                     TRISB           equ	3987	;# 
   375   000F93                     DDRB            equ	3987	;# 
   376   000F94                     TRISC           equ	3988	;# 
   377   000F94                     DDRC            equ	3988	;# 
   378   000F95                     TRISD           equ	3989	;# 
   379   000F95                     DDRD            equ	3989	;# 
   380   000F96                     TRISE           equ	3990	;# 
   381   000F96                     DDRE            equ	3990	;# 
   382   000F9B                     OSCTUNE         equ	3995	;# 
   383   000F9D                     PIE1            equ	3997	;# 
   384   000F9E                     PIR1            equ	3998	;# 
   385   000F9F                     IPR1            equ	3999	;# 
   386   000FA0                     PIE2            equ	4000	;# 
   387   000FA1                     PIR2            equ	4001	;# 
   388   000FA2                     IPR2            equ	4002	;# 
   389   000FA6                     EECON1          equ	4006	;# 
   390   000FA7                     EECON2          equ	4007	;# 
   391   000FA8                     EEDATA          equ	4008	;# 
   392   000FA9                     EEADR           equ	4009	;# 
   393   000FAA                     EEADRH          equ	4010	;# 
   394   000FAB                     RCSTA           equ	4011	;# 
   395   000FAB                     RCSTA1          equ	4011	;# 
   396   000FAC                     TXSTA           equ	4012	;# 
   397   000FAC                     TXSTA1          equ	4012	;# 
   398   000FAD                     TXREG           equ	4013	;# 
   399   000FAD                     TXREG1          equ	4013	;# 
   400   000FAE                     RCREG           equ	4014	;# 
   401   000FAE                     RCREG1          equ	4014	;# 
   402   000FAF                     SPBRG           equ	4015	;# 
   403   000FAF                     SPBRG1          equ	4015	;# 
   404   000FB0                     SPBRGH          equ	4016	;# 
   405   000FB1                     T3CON           equ	4017	;# 
   406   000FB2                     TMR3            equ	4018	;# 
   407   000FB2                     TMR3L           equ	4018	;# 
   408   000FB3                     TMR3H           equ	4019	;# 
   409   000FB4                     CMCON           equ	4020	;# 
   410   000FB5                     CVRCON          equ	4021	;# 
   411   000FB6                     ECCP1AS         equ	4022	;# 
   412   000FB7                     PWM1CON         equ	4023	;# 
   413   000FB8                     BAUDCON         equ	4024	;# 
   414   000FB8                     BAUDCTL         equ	4024	;# 
   415   000FBA                     CCP2CON         equ	4026	;# 
   416   000FBB                     CCPR2           equ	4027	;# 
   417   000FBB                     CCPR2L          equ	4027	;# 
   418   000FBC                     CCPR2H          equ	4028	;# 
   419   000FBD                     CCP1CON         equ	4029	;# 
   420   000FBE                     CCPR1           equ	4030	;# 
   421   000FBE                     CCPR1L          equ	4030	;# 
   422   000FBF                     CCPR1H          equ	4031	;# 
   423   000FC0                     ADCON2          equ	4032	;# 
   424   000FC1                     ADCON1          equ	4033	;# 
   425   000FC2                     ADCON0          equ	4034	;# 
   426   000FC3                     ADRES           equ	4035	;# 
   427   000FC3                     ADRESL          equ	4035	;# 
   428   000FC4                     ADRESH          equ	4036	;# 
   429   000FC5                     SSPCON2         equ	4037	;# 
   430   000FC6                     SSPCON1         equ	4038	;# 
   431   000FC7                     SSPSTAT         equ	4039	;# 
   432   000FC8                     SSPADD          equ	4040	;# 
   433   000FC9                     SSPBUF          equ	4041	;# 
   434   000FCA                     T2CON           equ	4042	;# 
   435   000FCB                     PR2             equ	4043	;# 
   436   000FCB                     MEMCON          equ	4043	;# 
   437   000FCC                     TMR2            equ	4044	;# 
   438   000FCD                     T1CON           equ	4045	;# 
   439   000FCE                     TMR1            equ	4046	;# 
   440   000FCE                     TMR1L           equ	4046	;# 
   441   000FCF                     TMR1H           equ	4047	;# 
   442   000FD0                     RCON            equ	4048	;# 
   443   000FD1                     WDTCON          equ	4049	;# 
   444   000FD2                     HLVDCON         equ	4050	;# 
   445   000FD2                     LVDCON          equ	4050	;# 
   446   000FD3                     OSCCON          equ	4051	;# 
   447   000FD5                     T0CON           equ	4053	;# 
   448   000FD6                     TMR0            equ	4054	;# 
   449   000FD6                     TMR0L           equ	4054	;# 
   450   000FD7                     TMR0H           equ	4055	;# 
   451   000FD8                     STATUS          equ	4056	;# 
   452   000FD9                     FSR2            equ	4057	;# 
   453   000FD9                     FSR2L           equ	4057	;# 
   454   000FDA                     FSR2H           equ	4058	;# 
   455   000FDB                     PLUSW2          equ	4059	;# 
   456   000FDC                     PREINC2         equ	4060	;# 
   457   000FDD                     POSTDEC2        equ	4061	;# 
   458   000FDE                     POSTINC2        equ	4062	;# 
   459   000FDF                     INDF2           equ	4063	;# 
   460   000FE0                     BSR             equ	4064	;# 
   461   000FE1                     FSR1            equ	4065	;# 
   462   000FE1                     FSR1L           equ	4065	;# 
   463   000FE2                     FSR1H           equ	4066	;# 
   464   000FE3                     PLUSW1          equ	4067	;# 
   465   000FE4                     PREINC1         equ	4068	;# 
   466   000FE5                     POSTDEC1        equ	4069	;# 
   467   000FE6                     POSTINC1        equ	4070	;# 
   468   000FE7                     INDF1           equ	4071	;# 
   469   000FE8                     WREG            equ	4072	;# 
   470   000FE9                     FSR0            equ	4073	;# 
   471   000FE9                     FSR0L           equ	4073	;# 
   472   000FEA                     FSR0H           equ	4074	;# 
   473   000FEB                     PLUSW0          equ	4075	;# 
   474   000FEC                     PREINC0         equ	4076	;# 
   475   000FED                     POSTDEC0        equ	4077	;# 
   476   000FEE                     POSTINC0        equ	4078	;# 
   477   000FEF                     INDF0           equ	4079	;# 
   478   000FF0                     INTCON3         equ	4080	;# 
   479   000FF1                     INTCON2         equ	4081	;# 
   480   000FF2                     INTCON          equ	4082	;# 
   481   000FF3                     PROD            equ	4083	;# 
   482   000FF3                     PRODL           equ	4083	;# 
   483   000FF4                     PRODH           equ	4084	;# 
   484   000FF5                     TABLAT          equ	4085	;# 
   485   000FF6                     TBLPTR          equ	4086	;# 
   486   000FF6                     TBLPTRL         equ	4086	;# 
   487   000FF7                     TBLPTRH         equ	4087	;# 
   488   000FF8                     TBLPTRU         equ	4088	;# 
   489   000FF9                     PCLAT           equ	4089	;# 
   490   000FF9                     PC              equ	4089	;# 
   491   000FF9                     PCL             equ	4089	;# 
   492   000FFA                     PCLATH          equ	4090	;# 
   493   000FFB                     PCLATU          equ	4091	;# 
   494   000FFC                     STKPTR          equ	4092	;# 
   495   000FFD                     TOS             equ	4093	;# 
   496   000FFD                     TOSL            equ	4093	;# 
   497   000FFE                     TOSH            equ	4094	;# 
   498   000FFF                     TOSU            equ	4095	;# 
   499                           
   500                           ; #config settings
   501                           
   502                           	psect	cinit
   503   00108C                     __pcinit:
   504                           	callstack 0
   505   00108C                     start_initialization:
   506                           	callstack 0
   507   00108C                     __initialization:
   508                           	callstack 0
   509   00108C                     end_of_initialization:
   510                           	callstack 0
   511   00108C                     __end_of__initialization:
   512                           	callstack 0
   513   00108C  0100               	movlb	0
   514   00108E  EF01  F008         	goto	_main	;jump to C main() function
   515                           
   516                           	psect	cstackCOMRAM
   517   000001                     __pcstackCOMRAM:
   518                           	callstack 0
   519   000001                     ??_main:
   520                           
   521                           ; 1 bytes @ 0x0
   522   000001                     	ds	2
   523                           
   524 ;;
   525 ;;Main: autosize = 0, tempsize = 2, incstack = 0, save=0
   526 ;;
   527 ;; *************** function _main *****************
   528 ;; Defined at:
   529 ;;		line 27 in file "application.c"
   530 ;; Parameters:    Size  Location     Type
   531 ;;		None
   532 ;; Auto vars:     Size  Location     Type
   533 ;;		None
   534 ;; Return value:  Size  Location     Type
   535 ;;                  2    6[None  ] int 
   536 ;; Registers used:
   537 ;;		wreg, status,2, status,0
   538 ;; Tracked objects:
   539 ;;		On entry : 0/0
   540 ;;		On exit  : 0/0
   541 ;;		Unchanged: 0/0
   542 ;; Data sizes:     COMRAM   BANK0   BANK1   BANK2   BANK3   BANK4   BANK5   BANK6   BANK7   BANK8   BANK9  BANK10  BANK1
      +1  BANK12  BANK13  BANK14  BANK15
   543 ;;      Params:         0       0       0       0       0       0       0       0       0       0       0       0       
      +0       0       0       0       0
   544 ;;      Locals:         0       0       0       0       0       0       0       0       0       0       0       0       
      +0       0       0       0       0
   545 ;;      Temps:          2       0       0       0       0       0       0       0       0       0       0       0       
      +0       0       0       0       0
   546 ;;      Totals:         2       0       0       0       0       0       0       0       0       0       0       0       
      +0       0       0       0       0
   547 ;;Total ram usage:        2 bytes
   548 ;; This function calls:
   549 ;;		Nothing
   550 ;; This function is called by:
   551 ;;		Startup code after reset
   552 ;; This function uses a non-reentrant model
   553 ;;
   554                           
   555                           	psect	text0
   556   001002                     __ptext0:
   557                           	callstack 0
   558   001002                     _main:
   559                           	callstack 31
   560   001002                     
   561                           ;application.c: 29:     ((*((volatile unsigned char *)(0xF94)))) = 0x00 ;
   562   001002  6A94               	clrf	148,c	;volatile
   563   001004                     l7:
   564                           
   565                           ;application.c: 31:         ((*((volatile unsigned char *)(0xF8B)))) = 0x00;
   566   001004  6A8B               	clrf	139,c	;volatile
   567   001006                     
   568                           ;application.c: 32:         _delay((unsigned long)((500)*(8000000UL/4000.0)));
   569   001006  0E06               	movlw	6
   570   001008  6E02               	movwf	(??_main+1)^0,c
   571   00100A  0E13               	movlw	19
   572   00100C  6E01               	movwf	??_main^0,c
   573   00100E  0EAE               	movlw	174
   574   001010                     u17:
   575   001010  2EE8               	decfsz	wreg,f,c
   576   001012  D7FE               	bra	u17
   577   001014  2E01               	decfsz	??_main^0,f,c
   578   001016  D7FC               	bra	u17
   579   001018  2E02               	decfsz	(??_main+1)^0,f,c
   580   00101A  D7FA               	bra	u17
   581   00101C                     
   582                           ;application.c: 33:         ((*((volatile unsigned char *)(0xF8B)))) |= (0x1 | 0x80);
   583   00101C  0E81               	movlw	129
   584   00101E  128B               	iorwf	139,f,c	;volatile
   585   001020                     
   586                           ;application.c: 34:         _delay((unsigned long)((500)*(8000000UL/4000.0)));
   587   001020  0E06               	movlw	6
   588   001022  6E02               	movwf	(??_main+1)^0,c
   589   001024  0E13               	movlw	19
   590   001026  6E01               	movwf	??_main^0,c
   591   001028  0EAE               	movlw	174
   592   00102A                     u27:
   593   00102A  2EE8               	decfsz	wreg,f,c
   594   00102C  D7FE               	bra	u27
   595   00102E  2E01               	decfsz	??_main^0,f,c
   596   001030  D7FC               	bra	u27
   597   001032  2E02               	decfsz	(??_main+1)^0,f,c
   598   001034  D7FA               	bra	u27
   599                           
   600                           ;application.c: 35:         ((*((volatile unsigned char *)(0xF8B)))) |= (0x2 | 0x40);
   601   001036  0E42               	movlw	66
   602   001038  128B               	iorwf	139,f,c	;volatile
   603   00103A                     
   604                           ;application.c: 36:         _delay((unsigned long)((500)*(8000000UL/4000.0)));
   605   00103A  0E06               	movlw	6
   606   00103C  6E02               	movwf	(??_main+1)^0,c
   607   00103E  0E13               	movlw	19
   608   001040  6E01               	movwf	??_main^0,c
   609   001042  0EAE               	movlw	174
   610   001044                     u37:
   611   001044  2EE8               	decfsz	wreg,f,c
   612   001046  D7FE               	bra	u37
   613   001048  2E01               	decfsz	??_main^0,f,c
   614   00104A  D7FC               	bra	u37
   615   00104C  2E02               	decfsz	(??_main+1)^0,f,c
   616   00104E  D7FA               	bra	u37
   617   001050                     
   618                           ;application.c: 37:         ((*((volatile unsigned char *)(0xF8B)))) |= (0x4 | 0x20);
   619   001050  0E24               	movlw	36
   620   001052  128B               	iorwf	139,f,c	;volatile
   621                           
   622                           ;application.c: 38:         _delay((unsigned long)((500)*(8000000UL/4000.0)));
   623   001054  0E06               	movlw	6
   624   001056  6E02               	movwf	(??_main+1)^0,c
   625   001058  0E13               	movlw	19
   626   00105A  6E01               	movwf	??_main^0,c
   627   00105C  0EAE               	movlw	174
   628   00105E                     u47:
   629   00105E  2EE8               	decfsz	wreg,f,c
   630   001060  D7FE               	bra	u47
   631   001062  2E01               	decfsz	??_main^0,f,c
   632   001064  D7FC               	bra	u47
   633   001066  2E02               	decfsz	(??_main+1)^0,f,c
   634   001068  D7FA               	bra	u47
   635   00106A                     
   636                           ;application.c: 39:         ((*((volatile unsigned char *)(0xF8B)))) |= (0x8 | 0x10);
   637   00106A  0E18               	movlw	24
   638   00106C  128B               	iorwf	139,f,c	;volatile
   639   00106E                     
   640                           ;application.c: 40:         _delay((unsigned long)((500)*(8000000UL/4000.0)));
   641   00106E  0E06               	movlw	6
   642   001070  6E02               	movwf	(??_main+1)^0,c
   643   001072  0E13               	movlw	19
   644   001074  6E01               	movwf	??_main^0,c
   645   001076  0EAE               	movlw	174
   646   001078                     u57:
   647   001078  2EE8               	decfsz	wreg,f,c
   648   00107A  D7FE               	bra	u57
   649   00107C  2E01               	decfsz	??_main^0,f,c
   650   00107E  D7FC               	bra	u57
   651   001080  2E02               	decfsz	(??_main+1)^0,f,c
   652   001082  D7FA               	bra	u57
   653   001084  EF02  F008         	goto	l7
   654   001088  EFFE  F07F         	goto	start
   655   00108C                     __end_of_main:
   656                           	callstack 0
   657                           
   658                           	psect	smallconst
   659   001000                     __psmallconst:
   660                           	callstack 0
   661   001000  00                 	db	0
   662   001001  00                 	db	0	; dummy byte at the end
   663   001000                     __smallconst    set	__psmallconst
   664   001000                     __mediumconst   set	__psmallconst
   665   000000                     __activetblptr  equ	0
   666                           
   667                           	psect	rparam
   668   000001                     ___rparam_used  equ	1
   669   000000                     ___param_bank   equ	0
   670   000000                     __Lparam        equ	__Lrparam
   671   000000                     __Hparam        equ	__Hrparam
   672                           
   673                           	psect	config
   674                           
   675                           ; Padding undefined space
   676   300000                     	org	3145728
   677   300000  FF                 	db	255
   678                           
   679                           ;Config register CONFIG1H @ 0x300001
   680                           ;	Oscillator Selection bits
   681                           ;	OSC = HS, HS oscillator
   682                           ;	Fail-Safe Clock Monitor Enable bit
   683                           ;	FCMEN = OFF, Fail-Safe Clock Monitor disabled
   684                           ;	Internal/External Oscillator Switchover bit
   685                           ;	IESO = OFF, Oscillator Switchover mode disabled
   686   300001                     	org	3145729
   687   300001  02                 	db	2
   688                           
   689                           ;Config register CONFIG2L @ 0x300002
   690                           ;	Power-up Timer Enable bit
   691                           ;	PWRT = OFF, PWRT disabled
   692                           ;	Brown-out Reset Enable bits
   693                           ;	BOREN = OFF, Brown-out Reset disabled in hardware and software
   694                           ;	Brown Out Reset Voltage bits
   695                           ;	BORV = 1, 
   696   300002                     	org	3145730
   697   300002  09                 	db	9
   698                           
   699                           ;Config register CONFIG2H @ 0x300003
   700                           ;	Watchdog Timer Enable bit
   701                           ;	WDT = OFF, WDT disabled (control is placed on the SWDTEN bit)
   702                           ;	Watchdog Timer Postscale Select bits
   703                           ;	WDTPS = 32768, 1:32768
   704   300003                     	org	3145731
   705   300003  1E                 	db	30
   706                           
   707                           ; Padding undefined space
   708   300004                     	org	3145732
   709   300004  FF                 	db	255
   710                           
   711                           ;Config register CONFIG3H @ 0x300005
   712                           ;	CCP2 MUX bit
   713                           ;	CCP2MX = PORTC, CCP2 input/output is multiplexed with RC1
   714                           ;	PORTB A/D Enable bit
   715                           ;	PBADEN = OFF, PORTB<4:0> pins are configured as digital I/O on Reset
   716                           ;	Low-Power Timer1 Oscillator Enable bit
   717                           ;	LPT1OSC = OFF, Timer1 configured for higher power operation
   718                           ;	MCLR Pin Enable bit
   719                           ;	MCLRE = ON, MCLR pin enabled; RE3 input pin disabled
   720   300005                     	org	3145733
   721   300005  81                 	db	129
   722                           
   723                           ;Config register CONFIG4L @ 0x300006
   724                           ;	Stack Full/Underflow Reset Enable bit
   725                           ;	STVREN = ON, Stack full/underflow will cause Reset
   726                           ;	Single-Supply ICSP Enable bit
   727                           ;	LVP = OFF, Single-Supply ICSP disabled
   728                           ;	Extended Instruction Set Enable bit
   729                           ;	XINST = OFF, Instruction set extension and Indexed Addressing mode disabled (Legacy mo
      +                          de)
   730                           ;	Background Debugger Enable bit
   731                           ;	DEBUG = 0x1, unprogrammed default
   732   300006                     	org	3145734
   733   300006  81                 	db	129
   734                           
   735                           ; Padding undefined space
   736   300007                     	org	3145735
   737   300007  FF                 	db	255
   738                           
   739                           ;Config register CONFIG5L @ 0x300008
   740                           ;	Code Protection bit
   741                           ;	CP0 = OFF, Block 0 (000800-003FFFh) not code-protected
   742                           ;	Code Protection bit
   743                           ;	CP1 = OFF, Block 1 (004000-007FFFh) not code-protected
   744                           ;	Code Protection bit
   745                           ;	CP2 = OFF, Block 2 (008000-00BFFFh) not code-protected
   746                           ;	Code Protection bit
   747                           ;	CP3 = OFF, Block 3 (00C000-00FFFFh) not code-protected
   748   300008                     	org	3145736
   749   300008  0F                 	db	15
   750                           
   751                           ;Config register CONFIG5H @ 0x300009
   752                           ;	Boot Block Code Protection bit
   753                           ;	CPB = OFF, Boot block (000000-0007FFh) not code-protected
   754                           ;	Data EEPROM Code Protection bit
   755                           ;	CPD = OFF, Data EEPROM not code-protected
   756   300009                     	org	3145737
   757   300009  C0                 	db	192
   758                           
   759                           ;Config register CONFIG6L @ 0x30000A
   760                           ;	Write Protection bit
   761                           ;	WRT0 = OFF, Block 0 (000800-003FFFh) not write-protected
   762                           ;	Write Protection bit
   763                           ;	WRT1 = OFF, Block 1 (004000-007FFFh) not write-protected
   764                           ;	Write Protection bit
   765                           ;	WRT2 = OFF, Block 2 (008000-00BFFFh) not write-protected
   766                           ;	Write Protection bit
   767                           ;	WRT3 = OFF, Block 3 (00C000-00FFFFh) not write-protected
   768   30000A                     	org	3145738
   769   30000A  0F                 	db	15
   770                           
   771                           ;Config register CONFIG6H @ 0x30000B
   772                           ;	Configuration Register Write Protection bit
   773                           ;	WRTC = OFF, Configuration registers (300000-3000FFh) not write-protected
   774                           ;	Boot Block Write Protection bit
   775                           ;	WRTB = OFF, Boot Block (000000-0007FFh) not write-protected
   776                           ;	Data EEPROM Write Protection bit
   777                           ;	WRTD = OFF, Data EEPROM not write-protected
   778   30000B                     	org	3145739
   779   30000B  E0                 	db	224
   780                           
   781                           ;Config register CONFIG7L @ 0x30000C
   782                           ;	Table Read Protection bit
   783                           ;	EBTR0 = OFF, Block 0 (000800-003FFFh) not protected from table reads executed in other
      +                           blocks
   784                           ;	Table Read Protection bit
   785                           ;	EBTR1 = OFF, Block 1 (004000-007FFFh) not protected from table reads executed in other
      +                           blocks
   786                           ;	Table Read Protection bit
   787                           ;	EBTR2 = OFF, Block 2 (008000-00BFFFh) not protected from table reads executed in other
      +                           blocks
   788                           ;	Table Read Protection bit
   789                           ;	EBTR3 = OFF, Block 3 (00C000-00FFFFh) not protected from table reads executed in other
      +                           blocks
   790   30000C                     	org	3145740
   791   30000C  0F                 	db	15
   792                           
   793                           ;Config register CONFIG7H @ 0x30000D
   794                           ;	Boot Block Table Read Protection bit
   795                           ;	EBTRB = OFF, Boot Block (000000-0007FFh) not protected from table reads executed in ot
      +                          her blocks
   796   30000D                     	org	3145741
   797   30000D  40                 	db	64
   798                           tosu	equ	0xFFF
   799                           tosh	equ	0xFFE
   800                           tosl	equ	0xFFD
   801                           stkptr	equ	0xFFC
   802                           pclatu	equ	0xFFB
   803                           pclath	equ	0xFFA
   804                           pcl	equ	0xFF9
   805                           tblptru	equ	0xFF8
   806                           tblptrh	equ	0xFF7
   807                           tblptrl	equ	0xFF6
   808                           tablat	equ	0xFF5
   809                           prodh	equ	0xFF4
   810                           prodl	equ	0xFF3
   811                           indf0	equ	0xFEF
   812                           postinc0	equ	0xFEE
   813                           postdec0	equ	0xFED
   814                           preinc0	equ	0xFEC
   815                           plusw0	equ	0xFEB
   816                           fsr0h	equ	0xFEA
   817                           fsr0l	equ	0xFE9
   818                           wreg	equ	0xFE8
   819                           indf1	equ	0xFE7
   820                           postinc1	equ	0xFE6
   821                           postdec1	equ	0xFE5
   822                           preinc1	equ	0xFE4
   823                           plusw1	equ	0xFE3
   824                           fsr1h	equ	0xFE2
   825                           fsr1l	equ	0xFE1
   826                           bsr	equ	0xFE0
   827                           indf2	equ	0xFDF
   828                           postinc2	equ	0xFDE
   829                           postdec2	equ	0xFDD
   830                           preinc2	equ	0xFDC
   831                           plusw2	equ	0xFDB
   832                           fsr2h	equ	0xFDA
   833                           fsr2l	equ	0xFD9
   834                           status	equ	0xFD8

Data Sizes:
    Strings     0
    Constant    0
    Data        0
    BSS         0
    Persistent  0
    Stack       0

Auto Spaces:
    Space          Size  Autos    Used
    COMRAM          127      2       2
    BANK0           128      0       0
    BANK1           256      0       0
    BANK2           256      0       0
    BANK3           256      0       0
    BANK4           256      0       0
    BANK5           256      0       0
    BANK6           256      0       0
    BANK7           256      0       0
    BANK8           256      0       0
    BANK9           256      0       0
    BANK10          256      0       0
    BANK11          256      0       0
    BANK12          256      0       0
    BANK13          256      0       0
    BANK14          256      0       0
    BANK15          128      0       0

Pointer List with Targets:

    None.

Critical Paths under _main in COMRAM

    None.

Critical Paths under _main in BANK0

    None.

Critical Paths under _main in BANK1

    None.

Critical Paths under _main in BANK2

    None.

Critical Paths under _main in BANK3

    None.

Critical Paths under _main in BANK4

    None.

Critical Paths under _main in BANK5

    None.

Critical Paths under _main in BANK6

    None.

Critical Paths under _main in BANK7

    None.

Critical Paths under _main in BANK8

    None.

Critical Paths under _main in BANK9

    None.

Critical Paths under _main in BANK10

    None.

Critical Paths under _main in BANK11

    None.

Critical Paths under _main in BANK12

    None.

Critical Paths under _main in BANK13

    None.

Critical Paths under _main in BANK14

    None.

Critical Paths under _main in BANK15

    None.

Call Graph Tables:

 ---------------------------------------------------------------------------------
 (Depth) Function   	        Calls       Base Space   Used Autos Params    Refs
 ---------------------------------------------------------------------------------
 (0) _main                                                 2     2      0       0
                                              0 COMRAM     2     2      0
 ---------------------------------------------------------------------------------
 Estimated maximum stack depth 0
 ---------------------------------------------------------------------------------

 Call Graph Graphs:

 _main (ROOT)

Address spaces:
Name               Size   Autos  Total    Usage
BITCOMRAM          127      0       0      0.0%
BITBANK0           128      0       0      0.0%
BITBANK1           256      0       0      0.0%
BITBANK2           256      0       0      0.0%
BITBANK3           256      0       0      0.0%
BITBANK4           256      0       0      0.0%
BITBANK5           256      0       0      0.0%
BITBANK6           256      0       0      0.0%
BITBANK7           256      0       0      0.0%
BITBANK8           256      0       0      0.0%
BITBANK9           256      0       0      0.0%
BITBANK10          256      0       0      0.0%
BITBANK11          256      0       0      0.0%
BITBANK12          256      0       0      0.0%
BITBANK13          256      0       0      0.0%
BITBANK14          256      0       0      0.0%
BITBANK15          128      0       0      0.0%
BITBIGSFR          128      0       0      0.0%
COMRAM             127      2       2      1.6%
BANK0              128      0       0      0.0%
BANK1              256      0       0      0.0%
BANK2              256      0       0      0.0%
BANK3              256      0       0      0.0%
BANK4              256      0       0      0.0%
BANK5              256      0       0      0.0%
BANK6              256      0       0      0.0%
BANK7              256      0       0      0.0%
BANK8              256      0       0      0.0%
BANK9              256      0       0      0.0%
BANK10             256      0       0      0.0%
BANK11             256      0       0      0.0%
BANK12             256      0       0      0.0%
BANK13             256      0       0      0.0%
BANK14             256      0       0      0.0%
BANK15             128      0       0      0.0%
BIGRAM            3967      0       0      0.0%
STACK                0      0       0      0.0%
DATA                 0      0       2      0.0%


Microchip Technology PIC18 Macro Assembler V3.10 build 20250813170317 
Symbol Table                                                                                   Mon Jun 29 05:04:44 2026

                      l7 1004                       u17 1010                       u27 102A  
                     u37 1044                       u47 105E                       u57 1078  
                    l800 101C                      l810 106E                      l802 1020  
                    l804 103A                      l806 1050                      l808 106A  
                    l796 1002                      l798 1006                      wreg 0FE8  
                   _main 1002                     start FFFC             ___param_bank 0000  
                  ?_main 0001          __initialization 108C             __end_of_main 108C  
                 ??_main 0001            __activetblptr 0000                   isa$std 0001  
           __mediumconst 1000               __accesstop 0080  __end_of__initialization 108C  
          ___rparam_used 0001           __pcstackCOMRAM 0001                  __Hparam 0000  
                __Lparam 0000             __psmallconst 1000                  __pcinit 108C  
                __ramtop 1000                  __ptext0 1002     end_of_initialization 108C  
    start_initialization 108C              __smallconst 1000                 __Hrparam 0000  
               __Lrparam 0000                 isa$xinst 0000  
